2025-05-06 23:28:41 [[32minfo[39m]: Documents retrieved
2025-05-06 23:28:52 [[32minfo[39m]: Document deleted
2025-05-06 23:29:05 [[32minfo[39m]: Document deleted
2025-05-06 23:29:15 [[32minfo[39m]: Document deleted
2025-05-06 23:29:25 [[32minfo[39m]: Document deleted
2025-05-06 23:29:36 [[32minfo[39m]: Document deleted
2025-05-06 23:29:45 [[32minfo[39m]: Document deleted
2025-05-06 23:29:50 [[32minfo[39m]: Documents retrieved
2025-05-06 23:30:00 [[32minfo[39m]: Document deleted
2025-05-06 23:30:09 [[32minfo[39m]: Documents retrieved
2025-05-06 23:30:33 [[32minfo[39m]: Server running on http://localhost:5000
2025-05-06 23:30:34 [[32minfo[39m]: MongoDB Connected: ac-10bkwgx-shard-00-02.ol7blqt.mongodb.net
2025-05-06 23:30:44 [[32minfo[39m]: Server running on http://localhost:5000
2025-05-06 23:30:44 [[32minfo[39m]: MongoDB Connected: ac-10bkwgx-shard-00-02.ol7blqt.mongodb.net
2025-05-06 23:30:54 [[32minfo[39m]: Server running on http://localhost:5000
2025-05-06 23:30:54 [[32minfo[39m]: MongoDB Connected: ac-10bkwgx-shard-00-02.ol7blqt.mongodb.net
2025-05-06 23:32:12 [[32minfo[39m]: Upload document request
2025-05-06 23:32:12 [[32minfo[39m]: Starting document upload
2025-05-06 23:32:12 [[32minfo[39m]: File exists on disk
2025-05-06 23:32:12 [[32minfo[39m]: File copied to debug location 1
2025-05-06 23:32:12 [[32minfo[39m]: File copied to debug location 2
2025-05-06 23:32:12 [[32minfo[39m]: File extension
2025-05-06 23:32:12 [[32minfo[39m]: File path for storage
2025-05-06 23:32:12 [[32minfo[39m]: Directory contents after document save
2025-05-06 23:32:12 [[32minfo[39m]: File still exists after document save
2025-05-06 23:32:13 [[31merror[39m]: Marker file missing after delay
2025-05-06 23:32:13 [[32minfo[39m]: Document uploaded successfully
2025-05-06 23:32:13 [[32minfo[39m]: File exists before sending response
2025-05-06 23:32:13 [[32minfo[39m]: Document uploaded successfully
2025-05-06 23:33:55 [[32minfo[39m]: Created directory
2025-05-06 23:33:55 [[32minfo[39m]: Server running on http://localhost:5000
2025-05-06 23:34:05 [[32minfo[39m]: MongoDB Connected: ac-10bkwgx-shard-00-01.ol7blqt.mongodb.net
2025-05-06 23:34:09 [[32minfo[39m]: Server running on http://localhost:5000
2025-05-06 23:34:17 [[32minfo[39m]: MongoDB Connected: ac-10bkwgx-shard-00-00.ol7blqt.mongodb.net
2025-05-06 23:34:29 [[32minfo[39m]: Server running on http://localhost:5000
2025-05-06 23:34:31 [[32minfo[39m]: MongoDB Connected: ac-10bkwgx-shard-00-00.ol7blqt.mongodb.net
2025-05-06 23:35:03 [[32minfo[39m]: Upload document request
2025-05-06 23:35:03 [[32minfo[39m]: Starting document upload
2025-05-06 23:35:03 [[32minfo[39m]: File exists on disk
2025-05-06 23:35:03 [[32minfo[39m]: File copied to debug location 1
2025-05-06 23:35:03 [[32minfo[39m]: File copied to debug location 2
2025-05-06 23:35:04 [[32minfo[39m]: File extension
2025-05-06 23:35:04 [[32minfo[39m]: File path for storage
2025-05-06 23:35:04 [[32minfo[39m]: Directory contents after document save
2025-05-06 23:35:04 [[32minfo[39m]: File still exists after document save
2025-05-06 23:35:04 [[32minfo[39m]: Document uploaded successfully
2025-05-06 23:35:04 [[32minfo[39m]: File exists before sending response
2025-05-06 23:35:04 [[32minfo[39m]: Document uploaded successfully
2025-05-06 23:35:24 [[32minfo[39m]: Server running on http://localhost:5000
2025-05-06 23:35:24 [[32minfo[39m]: MongoDB Connected: ac-10bkwgx-shard-00-02.ol7blqt.mongodb.net
2025-05-06 23:35:28 [[32minfo[39m]: Server running on http://localhost:5000
2025-05-06 23:35:29 [[32minfo[39m]: MongoDB Connected: ac-10bkwgx-shard-00-01.ol7blqt.mongodb.net
2025-05-06 23:35:39 [[32minfo[39m]: Server running on http://localhost:5000
2025-05-06 23:35:39 [[32minfo[39m]: MongoDB Connected: ac-10bkwgx-shard-00-01.ol7blqt.mongodb.net
2025-05-06 23:35:55 [[32minfo[39m]: Server running on http://localhost:5000
2025-05-06 23:36:02 [[32minfo[39m]: Server running on http://localhost:5000
2025-05-06 23:36:15 [[32minfo[39m]: Server running on http://localhost:5000
2025-05-06 23:36:29 [[31merror[39m]: Auth Middleware Error: Operation `users.findOne()` buffering timed out after 10000ms
2025-05-06 23:36:36 [[32minfo[39m]: MongoDB Connected: ac-10bkwgx-shard-00-01.ol7blqt.mongodb.net
2025-05-06 23:37:03 [[31merror[39m]: Error uploading document: validateSingleFileByFolderType is not defined
2025-05-06 23:37:03 [[31merror[39m]: Error uploading document:
2025-05-06 23:37:25 [[32minfo[39m]: Server running on http://localhost:5000
2025-05-06 23:37:29 [[32minfo[39m]: MongoDB Connected: ac-10bkwgx-shard-00-00.ol7blqt.mongodb.net
2025-05-06 23:37:55 [[32minfo[39m]: Server running on http://localhost:5000
2025-05-06 23:37:56 [[32minfo[39m]: Server running on http://localhost:5000
2025-05-06 23:37:56 [[32minfo[39m]: MongoDB Connected: ac-10bkwgx-shard-00-01.ol7blqt.mongodb.net
2025-05-06 23:37:59 [[31merror[39m]: Error uploading document: validateSingleFileByFolderType is not defined
2025-05-06 23:37:59 [[31merror[39m]: Error uploading document:
2025-05-06 23:40:03 [[32minfo[39m]: Server running on http://localhost:5000
2025-05-06 23:40:04 [[32minfo[39m]: MongoDB Connected: ac-10bkwgx-shard-00-00.ol7blqt.mongodb.net
2025-05-06 23:40:22 [[32minfo[39m]: Server running on http://localhost:5000
2025-05-06 23:40:23 [[32minfo[39m]: MongoDB Connected: ac-10bkwgx-shard-00-00.ol7blqt.mongodb.net
2025-05-06 23:40:48 [[32minfo[39m]: Received form-data fields
2025-05-06 23:40:48 [[32minfo[39m]: Multer saving file to destination
2025-05-06 23:40:48 [[32minfo[39m]: Multer generating filename
2025-05-06 23:40:48 [[32minfo[39m]: Multer saved multiple files
2025-05-06 23:40:48 [[32minfo[39m]: Directory contents after Multer save
2025-05-06 23:42:19 [[32minfo[39m]: Server running on http://localhost:5000
2025-05-06 23:42:21 [[32minfo[39m]: Server running on http://localhost:5000
2025-05-06 23:42:24 [[32minfo[39m]: Server running on http://localhost:5000
2025-05-06 23:42:24 [[32minfo[39m]: MongoDB Connected: ac-10bkwgx-shard-00-00.ol7blqt.mongodb.net
2025-05-06 23:43:01 [[31merror[39m]: Error uploading document: validateSingleFileByFolderType is not defined
2025-05-06 23:43:01 [[31merror[39m]: Error uploading document:
2025-05-06 23:45:10 [[32minfo[39m]: Server running on http://localhost:5000
2025-05-06 23:45:10 [[32minfo[39m]: MongoDB Connected: ac-10bkwgx-shard-00-02.ol7blqt.mongodb.net
2025-05-06 23:45:17 [[32minfo[39m]: Server running on http://localhost:5000
2025-05-06 23:45:18 [[32minfo[39m]: MongoDB Connected: ac-10bkwgx-shard-00-02.ol7blqt.mongodb.net
2025-05-06 23:45:38 [[32minfo[39m]: Server running on http://localhost:5000
2025-05-06 23:45:38 [[32minfo[39m]: MongoDB Connected: ac-10bkwgx-shard-00-00.ol7blqt.mongodb.net
2025-05-06 23:45:40 [[32minfo[39m]: Server running on http://localhost:5000
2025-05-06 23:45:43 [[32minfo[39m]: Server running on http://localhost:5000
2025-05-06 23:45:43 [[32minfo[39m]: MongoDB Connected: ac-10bkwgx-shard-00-01.ol7blqt.mongodb.net
2025-05-06 23:46:51 [[31merror[39m]: Error uploading document: Document validation failed: filePath: Path `filePath` is required.
2025-05-06 23:46:51 [[31merror[39m]: Error uploading document:
2025-05-06 23:47:04 [[32minfo[39m]: Server running on http://localhost:5000
2025-05-06 23:47:05 [[32minfo[39m]: MongoDB Connected: ac-10bkwgx-shard-00-01.ol7blqt.mongodb.net
2025-05-06 23:49:29 [[32minfo[39m]: Created directory
2025-05-06 23:49:29 [[32minfo[39m]: Server running on http://localhost:5000
2025-05-06 23:49:30 [[32minfo[39m]: MongoDB Connected: ac-10bkwgx-shard-00-00.ol7blqt.mongodb.net
2025-05-07 09:54:59 [[32minfo[39m]: Server running on http://localhost:5000
2025-05-07 09:55:29 [[31merror[39m]: MongoDB Connection Error: Could not connect to any servers in your MongoDB Atlas cluster. One common reason is that you're trying to access the database from an IP that isn't whitelisted. Make sure your current IP address is on your Atlas cluster's IP whitelist: https://www.mongodb.com/docs/atlas/security-whitelist/
2025-05-07 10:11:18 [[32minfo[39m]: Server running on http://localhost:5000
2025-05-07 10:11:19 [[32minfo[39m]: MongoDB Connected: ac-10bkwgx-shard-00-01.ol7blqt.mongodb.net
2025-05-07 10:14:42 [[32minfo[39m]: Server running on http://localhost:5000
2025-05-07 10:14:48 [[32minfo[39m]: Server running on http://localhost:5000
2025-05-07 10:14:49 [[32minfo[39m]: MongoDB Connected: ac-10bkwgx-shard-00-02.ol7blqt.mongodb.net
2025-05-07 10:15:31 [[32minfo[39m]: Server running on http://localhost:5000
2025-05-07 10:15:31 [[32minfo[39m]: MongoDB Connected: ac-10bkwgx-shard-00-01.ol7blqt.mongodb.net
2025-05-07 10:18:06 [[32minfo[39m]: Server running on http://localhost:5000
2025-05-07 10:18:07 [[32minfo[39m]: MongoDB Connected: ac-10bkwgx-shard-00-00.ol7blqt.mongodb.net
2025-05-07 10:58:05 [[32minfo[39m]: Server running on http://localhost:5000
2025-05-07 10:58:06 [[32minfo[39m]: MongoDB Connected: ac-10bkwgx-shard-00-02.ol7blqt.mongodb.net
2025-05-07 11:03:42 [[32minfo[39m]: Server running on http://localhost:5000
2025-05-07 11:03:43 [[32minfo[39m]: MongoDB Connected: ac-10bkwgx-shard-00-00.ol7blqt.mongodb.net
2025-05-07 11:04:37 [[32minfo[39m]: Server running on http://localhost:5000
2025-05-07 11:04:37 [[32minfo[39m]: MongoDB Connected: ac-10bkwgx-shard-00-00.ol7blqt.mongodb.net
2025-05-07 11:04:43 [[32minfo[39m]: Server running on http://localhost:5000
2025-05-07 11:04:44 [[32minfo[39m]: MongoDB Connected: ac-10bkwgx-shard-00-02.ol7blqt.mongodb.net
2025-05-07 11:04:49 [[32minfo[39m]: Server running on http://localhost:5000
2025-05-07 11:04:50 [[32minfo[39m]: MongoDB Connected: ac-10bkwgx-shard-00-02.ol7blqt.mongodb.net
2025-05-07 11:05:00 [[32minfo[39m]: Server running on http://localhost:5000
2025-05-07 11:05:01 [[32minfo[39m]: MongoDB Connected: ac-10bkwgx-shard-00-01.ol7blqt.mongodb.net
2025-05-07 11:07:26 [[32minfo[39m]: Server running on http://localhost:5000
2025-05-07 11:07:27 [[32minfo[39m]: MongoDB Connected: ac-10bkwgx-shard-00-00.ol7blqt.mongodb.net
2025-05-07 11:07:40 [[32minfo[39m]: Server running on http://localhost:5000
2025-05-07 11:07:40 [[32minfo[39m]: MongoDB Connected: ac-10bkwgx-shard-00-00.ol7blqt.mongodb.net
2025-05-07 11:09:30 [[32minfo[39m]: Server running on http://localhost:5000
2025-05-07 11:09:31 [[32minfo[39m]: MongoDB Connected: ac-10bkwgx-shard-00-00.ol7blqt.mongodb.net
2025-05-07 11:11:28 [[32minfo[39m]: Server running on http://localhost:5000
2025-05-07 11:11:29 [[32minfo[39m]: MongoDB Connected: ac-10bkwgx-shard-00-00.ol7blqt.mongodb.net
2025-05-07 11:17:37 [[32minfo[39m]: Created directory
2025-05-07 11:17:37 [[32minfo[39m]: Server running on http://localhost:5000
2025-05-07 11:17:37 [[32minfo[39m]: MongoDB Connected: ac-10bkwgx-shard-00-00.ol7blqt.mongodb.net
2025-05-07 11:21:46 [[32minfo[39m]: Server running on http://localhost:5000
2025-05-07 11:21:46 [[32minfo[39m]: MongoDB Connected: ac-10bkwgx-shard-00-01.ol7blqt.mongodb.net
2025-05-07 11:30:40 [[32minfo[39m]: Server running on http://localhost:5000
2025-05-07 11:30:40 [[32minfo[39m]: MongoDB Connected: ac-10bkwgx-shard-00-01.ol7blqt.mongodb.net
2025-05-07 11:35:24 [[32minfo[39m]: Server running on http://localhost:5000
2025-05-07 11:35:24 [[32minfo[39m]: MongoDB Connected: ac-10bkwgx-shard-00-02.ol7blqt.mongodb.net
2025-05-07 11:43:48 [[32minfo[39m]: Server running on http://localhost:5000
2025-05-07 11:43:49 [[32minfo[39m]: MongoDB Connected: ac-10bkwgx-shard-00-01.ol7blqt.mongodb.net
2025-05-07 11:43:52 [[32minfo[39m]: Server running on http://localhost:5000
2025-05-07 11:43:53 [[32minfo[39m]: MongoDB Connected: ac-10bkwgx-shard-00-01.ol7blqt.mongodb.net
2025-05-07 11:43:56 [[32minfo[39m]: Server running on http://localhost:5000
2025-05-07 11:43:56 [[32minfo[39m]: MongoDB Connected: ac-10bkwgx-shard-00-00.ol7blqt.mongodb.net
2025-05-07 11:44:03 [[32minfo[39m]: Server running on http://localhost:5000
2025-05-07 11:44:03 [[32minfo[39m]: MongoDB Connected: ac-10bkwgx-shard-00-00.ol7blqt.mongodb.net
2025-05-07 11:44:09 [[32minfo[39m]: Server running on http://localhost:5000
2025-05-07 11:44:10 [[32minfo[39m]: MongoDB Connected: ac-10bkwgx-shard-00-02.ol7blqt.mongodb.net
2025-05-07 11:44:15 [[32minfo[39m]: Server running on http://localhost:5000
2025-05-07 11:44:15 [[32minfo[39m]: MongoDB Connected: ac-10bkwgx-shard-00-01.ol7blqt.mongodb.net
2025-05-07 11:52:02 [[32minfo[39m]: Server running on http://localhost:5000
2025-05-07 11:52:02 [[32minfo[39m]: MongoDB Connected: ac-10bkwgx-shard-00-02.ol7blqt.mongodb.net
2025-05-07 11:53:06 [[32minfo[39m]: Server running on http://localhost:5000
2025-05-07 11:53:07 [[32minfo[39m]: MongoDB Connected: ac-10bkwgx-shard-00-00.ol7blqt.mongodb.net
2025-05-07 11:53:29 [[32minfo[39m]: Server running on http://localhost:5000
2025-05-07 11:53:29 [[32minfo[39m]: MongoDB Connected: ac-10bkwgx-shard-00-02.ol7blqt.mongodb.net
2025-05-07 11:53:34 [[32minfo[39m]: Server running on http://localhost:5000
2025-05-07 11:53:35 [[32minfo[39m]: MongoDB Connected: ac-10bkwgx-shard-00-02.ol7blqt.mongodb.net
2025-05-07 11:53:39 [[32minfo[39m]: Server running on http://localhost:5000
2025-05-07 11:53:41 [[32minfo[39m]: Server running on http://localhost:5000
2025-05-07 11:53:42 [[32minfo[39m]: MongoDB Connected: ac-10bkwgx-shard-00-01.ol7blqt.mongodb.net
2025-05-07 12:08:46 [[32minfo[39m]: Server running on http://localhost:5000
2025-05-07 12:08:46 [[32minfo[39m]: MongoDB Connected: ac-10bkwgx-shard-00-01.ol7blqt.mongodb.net
2025-05-07 12:08:49 [[32minfo[39m]: Server running on http://localhost:5000
2025-05-07 12:08:49 [[32minfo[39m]: MongoDB Connected: ac-10bkwgx-shard-00-01.ol7blqt.mongodb.net
2025-05-07 12:12:15 [[32minfo[39m]: Server running on http://localhost:5000
2025-05-07 12:12:16 [[32minfo[39m]: MongoDB Connected: ac-10bkwgx-shard-00-02.ol7blqt.mongodb.net
2025-05-07 12:12:32 [[32minfo[39m]: Server running on http://localhost:5000
2025-05-07 12:12:33 [[32minfo[39m]: MongoDB Connected: ac-10bkwgx-shard-00-00.ol7blqt.mongodb.net
2025-05-07 12:12:47 [[32minfo[39m]: Server running on http://localhost:5000
2025-05-07 12:12:47 [[32minfo[39m]: MongoDB Connected: ac-10bkwgx-shard-00-00.ol7blqt.mongodb.net
2025-05-07 12:12:56 [[32minfo[39m]: Server running on http://localhost:5000
2025-05-07 12:12:57 [[32minfo[39m]: MongoDB Connected: ac-10bkwgx-shard-00-02.ol7blqt.mongodb.net
2025-05-07 12:15:19 [[32minfo[39m]: Server running on http://localhost:5000
2025-05-07 12:15:19 [[32minfo[39m]: MongoDB Connected: ac-10bkwgx-shard-00-01.ol7blqt.mongodb.net
2025-05-07 12:25:05 [[32minfo[39m]: Server running on http://localhost:5000
2025-05-07 12:25:05 [[32minfo[39m]: MongoDB Connected: ac-10bkwgx-shard-00-00.ol7blqt.mongodb.net
2025-05-07 12:25:59 [[32minfo[39m]: Server running on http://localhost:5000
2025-05-07 12:25:59 [[32minfo[39m]: MongoDB Connected: ac-10bkwgx-shard-00-02.ol7blqt.mongodb.net
2025-05-07 12:38:06 [[32minfo[39m]: Server running on http://localhost:5000
2025-05-07 12:38:07 [[32minfo[39m]: MongoDB Connected: ac-10bkwgx-shard-00-02.ol7blqt.mongodb.net
2025-05-07 12:40:22 [[31merror[39m]: Error uploading document: Document validation failed: fileSize: Path `fileSize` is required., fileType: Path `fileType` is required.
2025-05-07 12:40:22 [[31merror[39m]: Error uploading document: ENOENT: no such file or directory, unlink 'E:\doc-it-backend-service\uploads\documents\Adhar Cards.pdf-1746601822012-ee84735f-913b-4ea9-b4ae-3487f787892a.pdf'
2025-05-07 12:40:54 [[31merror[39m]: Error uploading document: Document validation failed: fileSize: Path `fileSize` is required., fileType: Path `fileType` is required.
2025-05-07 12:40:54 [[31merror[39m]: Error uploading document: ENOENT: no such file or directory, unlink 'E:\doc-it-backend-service\uploads\documents\mml-book-1746601854767-3e7d5923-2f28-4714-9076-a80cd24676af.pdf'
2025-05-07 12:45:40 [[32minfo[39m]: Server running on http://localhost:5000
2025-05-07 12:45:40 [[32minfo[39m]: MongoDB Connected: ac-10bkwgx-shard-00-00.ol7blqt.mongodb.net
2025-05-07 12:46:19 [[32minfo[39m]: Server running on http://localhost:5000
2025-05-07 12:46:20 [[32minfo[39m]: MongoDB Connected: ac-10bkwgx-shard-00-00.ol7blqt.mongodb.net
2025-05-07 12:46:41 [[32minfo[39m]: Server running on http://localhost:5000
2025-05-07 12:50:16 [[32minfo[39m]: Server running on http://localhost:5000
2025-05-07 12:50:16 [[32minfo[39m]: MongoDB Connected: ac-10bkwgx-shard-00-01.ol7blqt.mongodb.net
2025-05-07 12:50:19 [[32minfo[39m]: Server running on http://localhost:5000
2025-05-07 12:50:20 [[32minfo[39m]: MongoDB Connected: ac-10bkwgx-shard-00-01.ol7blqt.mongodb.net
2025-05-07 12:52:23 [[32minfo[39m]: Received form-data fields
2025-05-07 12:52:23 [[32minfo[39m]: Document filter passed
2025-05-07 12:52:23 [[32minfo[39m]: Multer saving file to destination
2025-05-07 12:52:23 [[32minfo[39m]: Multer generating filename
2025-05-07 12:52:23 [[32minfo[39m]: Multer saved file
2025-05-07 12:52:23 [[32minfo[39m]: Directory contents after Multer save
2025-05-07 12:52:39 [[32minfo[39m]: Server running on http://localhost:5000
2025-05-07 12:52:39 [[32minfo[39m]: MongoDB Connected: ac-10bkwgx-shard-00-00.ol7blqt.mongodb.net
2025-05-07 12:52:43 [[32minfo[39m]: Server running on http://localhost:5000
2025-05-07 12:52:43 [[32minfo[39m]: MongoDB Connected: ac-10bkwgx-shard-00-01.ol7blqt.mongodb.net
2025-05-07 12:53:20 [[32minfo[39m]: Received form-data fields
2025-05-07 12:53:20 [[32minfo[39m]: Document filter passed
2025-05-07 12:53:20 [[32minfo[39m]: Multer saving file to destination
2025-05-07 12:53:20 [[32minfo[39m]: Multer generating filename
2025-05-07 12:53:20 [[32minfo[39m]: Document filter passed
2025-05-07 12:53:20 [[32minfo[39m]: Multer saving file to destination
2025-05-07 12:53:20 [[32minfo[39m]: Multer generating filename
2025-05-07 12:53:21 [[32minfo[39m]: Multer saved multiple files
2025-05-07 12:53:21 [[32minfo[39m]: Directory contents after Multer save
2025-05-07 12:53:21 [[32minfo[39m]: Directory contents after Multer save
2025-05-07 12:53:31 [[32minfo[39m]: Received form-data fields
2025-05-07 12:53:31 [[32minfo[39m]: Document filter passed
2025-05-07 12:53:31 [[32minfo[39m]: Multer saving file to destination
2025-05-07 12:53:31 [[32minfo[39m]: Multer generating filename
2025-05-07 12:53:31 [[32minfo[39m]: Document filter passed
2025-05-07 12:53:31 [[32minfo[39m]: Multer saving file to destination
2025-05-07 12:53:31 [[32minfo[39m]: Multer generating filename
2025-05-07 12:53:31 [[32minfo[39m]: Multer saved multiple files
2025-05-07 12:53:31 [[32minfo[39m]: Directory contents after Multer save
2025-05-07 12:53:31 [[32minfo[39m]: Directory contents after Multer save
2025-05-07 12:53:50 [[32minfo[39m]: Server running on http://localhost:5000
2025-05-07 12:53:51 [[32minfo[39m]: MongoDB Connected: ac-10bkwgx-shard-00-00.ol7blqt.mongodb.net
2025-05-07 12:53:54 [[32minfo[39m]: Received form-data fields
2025-05-07 12:53:54 [[32minfo[39m]: Document filter passed
2025-05-07 12:53:54 [[32minfo[39m]: Multer saving file to destination
2025-05-07 12:53:54 [[32minfo[39m]: Multer generating filename
2025-05-07 12:53:54 [[32minfo[39m]: Document filter passed
2025-05-07 12:53:54 [[32minfo[39m]: Multer saving file to destination
2025-05-07 12:53:54 [[32minfo[39m]: Multer generating filename
2025-05-07 12:53:54 [[32minfo[39m]: Multer saved multiple files
2025-05-07 12:53:54 [[32minfo[39m]: Directory contents after Multer save
2025-05-07 12:53:54 [[32minfo[39m]: Directory contents after Multer save
2025-05-07 12:59:02 [[32minfo[39m]: Server running on http://localhost:5000
2025-05-07 12:59:02 [[32minfo[39m]: MongoDB Connected: ac-10bkwgx-shard-00-01.ol7blqt.mongodb.net
2025-05-07 13:00:27 [[32minfo[39m]: Server running on http://localhost:5000
2025-05-07 13:00:27 [[32minfo[39m]: MongoDB Connected: ac-10bkwgx-shard-00-01.ol7blqt.mongodb.net
2025-05-07 13:05:19 [[32minfo[39m]: Server running on http://localhost:5000
2025-05-07 13:05:19 [[32minfo[39m]: MongoDB Connected: ac-10bkwgx-shard-00-02.ol7blqt.mongodb.net
2025-05-07 13:05:35 [[32minfo[39m]: Server running on http://localhost:5000
2025-05-07 13:05:36 [[32minfo[39m]: MongoDB Connected: ac-10bkwgx-shard-00-00.ol7blqt.mongodb.net
2025-05-07 13:05:49 [[32minfo[39m]: Server running on http://localhost:5000
2025-05-07 13:05:49 [[32minfo[39m]: MongoDB Connected: ac-10bkwgx-shard-00-00.ol7blqt.mongodb.net
2025-05-07 13:06:39 [[32minfo[39m]: Server running on http://localhost:5000
2025-05-07 13:06:39 [[32minfo[39m]: MongoDB Connected: ac-10bkwgx-shard-00-02.ol7blqt.mongodb.net
2025-05-07 13:06:52 [[32minfo[39m]: Server running on http://localhost:5000
2025-05-07 13:06:52 [[32minfo[39m]: MongoDB Connected: ac-10bkwgx-shard-00-00.ol7blqt.mongodb.net
2025-05-07 13:07:06 [[32minfo[39m]: Server running on http://localhost:5000
2025-05-07 13:07:06 [[32minfo[39m]: MongoDB Connected: ac-10bkwgx-shard-00-01.ol7blqt.mongodb.net
2025-05-07 13:07:47 [[32minfo[39m]: Server running on http://localhost:5000
2025-05-07 13:07:47 [[32minfo[39m]: MongoDB Connected: ac-10bkwgx-shard-00-01.ol7blqt.mongodb.net
2025-05-07 13:08:23 [[32minfo[39m]: Received form-data fields
2025-05-07 13:08:23 [[31merror[39m]: Upload error: Multer error: Unexpected field (field: document)
2025-05-07 13:08:34 [[32minfo[39m]: Received form-data fields
2025-05-07 13:08:34 [[31merror[39m]: Upload error: Multer error: Unexpected field (field: document)
2025-05-07 13:09:05 [[32minfo[39m]: Received form-data fields
2025-05-07 13:09:05 [[31merror[39m]: Upload error: Multer error: Unexpected field (field: document)
2025-05-07 13:10:15 [[32minfo[39m]: Server running on http://localhost:5000
2025-05-07 13:10:16 [[32minfo[39m]: MongoDB Connected: ac-10bkwgx-shard-00-01.ol7blqt.mongodb.net
2025-05-07 13:10:36 [[32minfo[39m]: Server running on http://localhost:5000
2025-05-07 13:10:37 [[32minfo[39m]: MongoDB Connected: ac-10bkwgx-shard-00-01.ol7blqt.mongodb.net
2025-05-07 13:11:00 [[32minfo[39m]: Server running on http://localhost:5000
2025-05-07 13:11:01 [[32minfo[39m]: MongoDB Connected: ac-10bkwgx-shard-00-01.ol7blqt.mongodb.net
2025-05-07 13:11:32 [[32minfo[39m]: Received form-data fields
2025-05-07 13:11:32 [[32minfo[39m]: Document filter passed
2025-05-07 13:11:32 [[32minfo[39m]: Multer saving file to destination
2025-05-07 13:11:32 [[32minfo[39m]: Multer generating filename
2025-05-07 13:11:32 [[32minfo[39m]: Multer saved file
2025-05-07 13:11:32 [[32minfo[39m]: Directory contents after Multer save
2025-05-07 13:12:27 [[32minfo[39m]: Received form-data fields
2025-05-07 13:12:27 [[32minfo[39m]: Document filter passed
2025-05-07 13:12:27 [[32minfo[39m]: Multer saving file to destination
2025-05-07 13:12:27 [[32minfo[39m]: Multer generating filename
2025-05-07 13:12:27 [[32minfo[39m]: Document filter passed
2025-05-07 13:12:27 [[32minfo[39m]: Multer saving file to destination
2025-05-07 13:12:27 [[32minfo[39m]: Multer generating filename
2025-05-07 13:12:27 [[32minfo[39m]: Multer saved multiple files
2025-05-07 13:12:27 [[32minfo[39m]: Directory contents after Multer save
2025-05-07 13:12:27 [[32minfo[39m]: Directory contents after Multer save
2025-05-07 13:12:38 [[32minfo[39m]: Received form-data fields
2025-05-07 13:12:38 [[32minfo[39m]: Document filter passed
2025-05-07 13:12:38 [[32minfo[39m]: Multer saving file to destination
2025-05-07 13:12:38 [[32minfo[39m]: Multer generating filename
2025-05-07 13:12:38 [[32minfo[39m]: Document filter passed
2025-05-07 13:12:38 [[32minfo[39m]: Multer saving file to destination
2025-05-07 13:12:38 [[32minfo[39m]: Multer generating filename
2025-05-07 13:12:38 [[32minfo[39m]: Multer saved multiple files
2025-05-07 13:12:38 [[32minfo[39m]: Directory contents after Multer save
2025-05-07 13:12:38 [[32minfo[39m]: Directory contents after Multer save
2025-05-07 14:46:35 [[32minfo[39m]: Server running on http://localhost:5000
2025-05-07 14:46:35 [[32minfo[39m]: MongoDB Connected: ac-10bkwgx-shard-00-01.ol7blqt.mongodb.net
2025-05-07 14:46:47 [[32minfo[39m]: Server running on http://localhost:5000
2025-05-07 14:46:47 [[32minfo[39m]: MongoDB Connected: ac-10bkwgx-shard-00-01.ol7blqt.mongodb.net
2025-05-07 14:47:30 [[32minfo[39m]: Server running on http://localhost:5000
2025-05-07 14:47:31 [[32minfo[39m]: MongoDB Connected: ac-10bkwgx-shard-00-00.ol7blqt.mongodb.net
2025-05-07 14:47:35 [[32minfo[39m]: Server running on http://localhost:5000
2025-05-07 14:47:35 [[32minfo[39m]: MongoDB Connected: ac-10bkwgx-shard-00-02.ol7blqt.mongodb.net
2025-05-07 14:49:15 [[32minfo[39m]: Server running on http://localhost:5000
2025-05-07 14:49:16 [[32minfo[39m]: MongoDB Connected: ac-10bkwgx-shard-00-02.ol7blqt.mongodb.net
2025-05-07 14:49:25 [[32minfo[39m]: Server running on http://localhost:5000
2025-05-07 14:49:25 [[32minfo[39m]: MongoDB Connected: ac-10bkwgx-shard-00-01.ol7blqt.mongodb.net
2025-05-07 14:49:34 [[32minfo[39m]: Server running on http://localhost:5000
2025-05-07 14:49:34 [[32minfo[39m]: MongoDB Connected: ac-10bkwgx-shard-00-01.ol7blqt.mongodb.net
2025-05-07 14:50:02 [[32minfo[39m]: Server running on http://localhost:5000
2025-05-07 14:50:03 [[32minfo[39m]: MongoDB Connected: ac-10bkwgx-shard-00-00.ol7blqt.mongodb.net
2025-05-07 14:50:23 [[32minfo[39m]: Server running on http://localhost:5000
2025-05-07 14:50:24 [[32minfo[39m]: MongoDB Connected: ac-10bkwgx-shard-00-01.ol7blqt.mongodb.net
2025-05-07 14:50:53 [[32minfo[39m]: Server running on http://localhost:5000
2025-05-07 14:50:53 [[32minfo[39m]: MongoDB Connected: ac-10bkwgx-shard-00-02.ol7blqt.mongodb.net
2025-05-07 14:51:13 [[32minfo[39m]: Server running on http://localhost:5000
2025-05-07 14:51:13 [[32minfo[39m]: MongoDB Connected: ac-10bkwgx-shard-00-01.ol7blqt.mongodb.net
2025-05-07 14:51:30 [[32minfo[39m]: Server running on http://localhost:5000
2025-05-07 14:51:31 [[32minfo[39m]: MongoDB Connected: ac-10bkwgx-shard-00-02.ol7blqt.mongodb.net
2025-05-07 14:54:04 [[32minfo[39m]: Received form-data fields
2025-05-07 14:54:04 [[32minfo[39m]: Document filter passed
2025-05-07 14:54:04 [[32minfo[39m]: Multer saving file to destination
2025-05-07 14:54:04 [[32minfo[39m]: Multer generating filename
2025-05-07 14:54:04 [[32minfo[39m]: Multer saved file
2025-05-07 14:54:04 [[32minfo[39m]: Directory contents after Multer save
2025-05-07 14:54:32 [[32minfo[39m]: Server running on http://localhost:5000
2025-05-07 14:54:32 [[32minfo[39m]: MongoDB Connected: ac-10bkwgx-shard-00-00.ol7blqt.mongodb.net
2025-05-07 14:54:36 [[32minfo[39m]: Server running on http://localhost:5000
2025-05-07 14:54:36 [[32minfo[39m]: MongoDB Connected: ac-10bkwgx-shard-00-00.ol7blqt.mongodb.net
2025-05-07 14:54:47 [[32minfo[39m]: Server running on http://localhost:5000
2025-05-07 14:54:47 [[32minfo[39m]: MongoDB Connected: ac-10bkwgx-shard-00-02.ol7blqt.mongodb.net
2025-05-07 14:54:56 [[32minfo[39m]: Server running on http://localhost:5000
2025-05-07 14:54:57 [[32minfo[39m]: MongoDB Connected: ac-10bkwgx-shard-00-01.ol7blqt.mongodb.net
2025-05-07 14:55:00 [[32minfo[39m]: Server running on http://localhost:5000
2025-05-07 14:55:01 [[32minfo[39m]: MongoDB Connected: ac-10bkwgx-shard-00-01.ol7blqt.mongodb.net
2025-05-07 14:55:04 [[32minfo[39m]: Server running on http://localhost:5000
2025-05-07 14:55:05 [[32minfo[39m]: MongoDB Connected: ac-10bkwgx-shard-00-00.ol7blqt.mongodb.net
2025-05-07 14:55:08 [[32minfo[39m]: Server running on http://localhost:5000
2025-05-07 14:55:08 [[32minfo[39m]: MongoDB Connected: ac-10bkwgx-shard-00-00.ol7blqt.mongodb.net
2025-05-07 14:55:12 [[32minfo[39m]: Server running on http://localhost:5000
2025-05-07 14:55:12 [[32minfo[39m]: MongoDB Connected: ac-10bkwgx-shard-00-02.ol7blqt.mongodb.net
2025-05-07 14:55:21 [[32minfo[39m]: Received form-data fields
2025-05-07 14:55:21 [[32minfo[39m]: Document filter passed
2025-05-07 14:55:21 [[32minfo[39m]: Multer saving file to destination
2025-05-07 14:55:21 [[32minfo[39m]: Multer generating filename
2025-05-07 14:55:21 [[32minfo[39m]: Multer saved file
2025-05-07 14:55:21 [[32minfo[39m]: Directory contents after Multer save
2025-05-07 14:57:12 [[32minfo[39m]: Server running on http://localhost:5000
2025-05-07 14:57:13 [[32minfo[39m]: MongoDB Connected: ac-10bkwgx-shard-00-01.ol7blqt.mongodb.net
2025-05-07 14:57:44 [[32minfo[39m]: Received form-data fields
2025-05-07 14:57:44 [[32minfo[39m]: Document filter passed
2025-05-07 14:57:44 [[32minfo[39m]: Multer saving file to destination
2025-05-07 14:57:44 [[32minfo[39m]: Multer generating filename
2025-05-07 14:57:44 [[32minfo[39m]: Document filter passed
2025-05-07 14:57:44 [[32minfo[39m]: Multer saving file to destination
2025-05-07 14:57:44 [[32minfo[39m]: Multer generating filename
2025-05-07 14:57:44 [[32minfo[39m]: Multer saved multiple files
2025-05-07 14:57:44 [[32minfo[39m]: Directory contents after Multer save
2025-05-07 14:57:44 [[32minfo[39m]: Directory contents after Multer save
2025-05-07 14:58:23 [[32minfo[39m]: Received form-data fields
2025-05-07 14:58:23 [[33mwarn[39m]: Invalid document type
2025-05-07 14:58:23 [[31merror[39m]: Upload error: Only pdf, doc, docx, txt files are allowed
2025-05-07 15:02:38 [[32minfo[39m]: Server running on http://localhost:5000
2025-05-07 15:02:39 [[32minfo[39m]: MongoDB Connected: ac-10bkwgx-shard-00-01.ol7blqt.mongodb.net
2025-05-07 15:03:49 [[32minfo[39m]: Server running on http://localhost:5000
2025-05-07 15:03:50 [[32minfo[39m]: MongoDB Connected: ac-10bkwgx-shard-00-01.ol7blqt.mongodb.net
2025-05-07 15:05:03 [[31merror[39m]: Error downloading document: currentFolder.documents is not iterable
2025-05-07 15:05:03 [[31merror[39m]: Error downloading document:
2025-05-07 15:05:51 [[32minfo[39m]: Server running on http://localhost:5000
2025-05-07 15:05:51 [[32minfo[39m]: MongoDB Connected: ac-10bkwgx-shard-00-02.ol7blqt.mongodb.net
2025-05-07 15:06:00 [[31merror[39m]: Error downloading document: currentFolder.documents is not iterable
2025-05-07 15:06:00 [[31merror[39m]: Error downloading document:
2025-05-07 15:12:36 [[32minfo[39m]: Server running on http://localhost:5000
2025-05-07 15:12:36 [[32minfo[39m]: MongoDB Connected: ac-10bkwgx-shard-00-01.ol7blqt.mongodb.net
2025-05-07 15:13:53 [[32minfo[39m]: Server running on http://localhost:5000
2025-05-07 15:13:54 [[32minfo[39m]: MongoDB Connected: ac-10bkwgx-shard-00-00.ol7blqt.mongodb.net
2025-05-07 15:14:04 [[32minfo[39m]: Received form-data fields
2025-05-07 15:14:04 [[32minfo[39m]: Document filter passed
2025-05-07 15:14:04 [[32minfo[39m]: Multer saving file to destination
2025-05-07 15:14:04 [[32minfo[39m]: Multer generating filename
2025-05-07 15:14:04 [[32minfo[39m]: Multer saved multiple files
2025-05-07 15:14:04 [[32minfo[39m]: Directory contents after Multer save
2025-05-07 15:18:15 [[32minfo[39m]: Server running on http://localhost:5000
2025-05-07 15:18:16 [[32minfo[39m]: MongoDB Connected: ac-10bkwgx-shard-00-01.ol7blqt.mongodb.net
2025-05-07 15:18:30 [[32minfo[39m]: Received form-data fields
2025-05-07 15:18:30 [[32minfo[39m]: Document filter passed
2025-05-07 15:18:30 [[32minfo[39m]: Multer saving file to destination
2025-05-07 15:18:30 [[32minfo[39m]: Multer generating filename
2025-05-07 15:18:30 [[32minfo[39m]: Multer saved multiple files
2025-05-07 15:18:30 [[32minfo[39m]: Directory contents after Multer save
2025-05-07 15:19:14 [[32minfo[39m]: Server running on http://localhost:5000
2025-05-07 15:19:15 [[32minfo[39m]: MongoDB Connected: ac-10bkwgx-shard-00-00.ol7blqt.mongodb.net
2025-05-07 15:19:55 [[32minfo[39m]: Received form-data fields
2025-05-07 15:19:55 [[32minfo[39m]: Document filter passed
2025-05-07 15:19:55 [[32minfo[39m]: Multer saving file to destination
2025-05-07 15:19:55 [[32minfo[39m]: Multer generating filename
2025-05-07 15:19:55 [[32minfo[39m]: Multer saved multiple files
2025-05-07 15:19:55 [[32minfo[39m]: Directory contents after Multer save
2025-05-07 15:21:00 [[32minfo[39m]: Server running on http://localhost:5000
2025-05-07 15:21:01 [[32minfo[39m]: MongoDB Connected: ac-10bkwgx-shard-00-00.ol7blqt.mongodb.net
2025-05-07 15:21:05 [[32minfo[39m]: Received form-data fields
2025-05-07 15:21:05 [[32minfo[39m]: Document filter passed
2025-05-07 15:21:05 [[32minfo[39m]: Multer saving file to destination
2025-05-07 15:21:05 [[32minfo[39m]: Multer generating filename
2025-05-07 15:21:05 [[32minfo[39m]: Multer saved multiple files
2025-05-07 15:21:05 [[32minfo[39m]: Directory contents after Multer save
2025-05-07 15:23:51 [[32minfo[39m]: Server running on http://localhost:5000
2025-05-07 15:23:52 [[32minfo[39m]: MongoDB Connected: ac-10bkwgx-shard-00-00.ol7blqt.mongodb.net
2025-05-07 15:24:00 [[32minfo[39m]: Received form-data fields
2025-05-07 15:24:00 [[32minfo[39m]: Document filter passed
2025-05-07 15:24:00 [[32minfo[39m]: Multer saving file to destination
2025-05-07 15:24:00 [[32minfo[39m]: Multer generating filename
2025-05-07 15:24:00 [[32minfo[39m]: Multer saved multiple files
2025-05-07 15:24:00 [[32minfo[39m]: Directory contents after Multer save
2025-05-07 15:25:07 [[32minfo[39m]: Server running on http://localhost:5000
2025-05-07 15:25:07 [[32minfo[39m]: MongoDB Connected: ac-10bkwgx-shard-00-01.ol7blqt.mongodb.net
2025-05-07 15:25:16 [[32minfo[39m]: Server running on http://localhost:5000
2025-05-07 15:25:16 [[32minfo[39m]: MongoDB Connected: ac-10bkwgx-shard-00-02.ol7blqt.mongodb.net
2025-05-07 15:26:28 [[32minfo[39m]: Server running on http://localhost:5000
2025-05-07 15:26:29 [[32minfo[39m]: MongoDB Connected: ac-10bkwgx-shard-00-02.ol7blqt.mongodb.net
2025-05-07 15:27:10 [[32minfo[39m]: Received form-data fields
2025-05-07 15:27:10 [[32minfo[39m]: Document filter passed
2025-05-07 15:27:10 [[32minfo[39m]: Multer saving file to destination
2025-05-07 15:27:10 [[32minfo[39m]: Multer generating filename
2025-05-07 15:27:10 [[32minfo[39m]: Multer saved multiple files
2025-05-07 15:27:10 [[32minfo[39m]: Directory contents after Multer save
2025-05-07 15:49:13 [[32minfo[39m]: Server running on http://localhost:5000
2025-05-07 15:49:14 [[32minfo[39m]: MongoDB Connected: ac-10bkwgx-shard-00-00.ol7blqt.mongodb.net
2025-05-07 15:51:37 [[32minfo[39m]: Received form-data fields
2025-05-07 15:51:37 [[32minfo[39m]: Document filter passed
2025-05-07 15:51:37 [[32minfo[39m]: Multer saving file to destination
2025-05-07 15:51:37 [[32minfo[39m]: Multer generating filename
2025-05-07 15:51:37 [[32minfo[39m]: Multer saved file
2025-05-07 15:51:37 [[32minfo[39m]: Directory contents after Multer save
2025-05-07 15:52:07 [[32minfo[39m]: Received form-data fields
2025-05-07 15:52:07 [[32minfo[39m]: Document filter passed
2025-05-07 15:52:07 [[32minfo[39m]: Multer saving file to destination
2025-05-07 15:52:07 [[32minfo[39m]: Multer generating filename
2025-05-07 15:52:07 [[32minfo[39m]: Document filter passed
2025-05-07 15:52:07 [[32minfo[39m]: Multer saving file to destination
2025-05-07 15:52:07 [[32minfo[39m]: Multer generating filename
2025-05-07 15:52:07 [[32minfo[39m]: Multer saved multiple files
2025-05-07 15:52:07 [[32minfo[39m]: Directory contents after Multer save
2025-05-07 15:52:07 [[32minfo[39m]: Directory contents after Multer save
2025-05-07 15:59:02 [[32minfo[39m]: Received form-data fields
2025-05-07 15:59:02 [[32minfo[39m]: Document filter passed
2025-05-07 15:59:02 [[32minfo[39m]: Multer saving file to destination
2025-05-07 15:59:02 [[32minfo[39m]: Multer generating filename
2025-05-07 15:59:02 [[32minfo[39m]: Multer saved multiple files
2025-05-07 15:59:02 [[32minfo[39m]: Directory contents after Multer save
2025-05-07 15:59:16 [[32minfo[39m]: Received form-data fields
2025-05-07 15:59:16 [[32minfo[39m]: Document filter passed
2025-05-07 15:59:16 [[32minfo[39m]: Multer saving file to destination
2025-05-07 15:59:16 [[32minfo[39m]: Multer generating filename
2025-05-07 15:59:16 [[32minfo[39m]: Multer saved multiple files
2025-05-07 15:59:16 [[32minfo[39m]: Directory contents after Multer save
2025-05-07 16:02:41 [[32minfo[39m]: Received form-data fields
2025-05-07 16:02:41 [[32minfo[39m]: Document filter passed
2025-05-07 16:02:41 [[32minfo[39m]: Multer saving file to destination
2025-05-07 16:02:41 [[32minfo[39m]: Multer generating filename
2025-05-07 16:02:41 [[32minfo[39m]: Document filter passed
2025-05-07 16:02:41 [[32minfo[39m]: Multer saving file to destination
2025-05-07 16:02:41 [[32minfo[39m]: Multer generating filename
2025-05-07 16:02:41 [[32minfo[39m]: Multer saved multiple files
2025-05-07 16:02:41 [[32minfo[39m]: Directory contents after Multer save
2025-05-07 16:02:41 [[32minfo[39m]: Directory contents after Multer save
2025-05-07 16:03:30 [[32minfo[39m]: Server running on http://localhost:5000
2025-05-07 16:03:30 [[32minfo[39m]: MongoDB Connected: ac-10bkwgx-shard-00-02.ol7blqt.mongodb.net
2025-05-07 16:04:33 [[32minfo[39m]: Received form-data fields
2025-05-07 16:04:33 [[32minfo[39m]: Document filter passed
2025-05-07 16:04:33 [[32minfo[39m]: Multer saving file to destination
2025-05-07 16:04:33 [[32minfo[39m]: Multer generating filename
2025-05-07 16:04:33 [[32minfo[39m]: Document filter passed
2025-05-07 16:04:33 [[32minfo[39m]: Multer saving file to destination
2025-05-07 16:04:33 [[32minfo[39m]: Multer generating filename
2025-05-07 16:04:33 [[32minfo[39m]: Multer saved multiple files
2025-05-07 16:04:33 [[32minfo[39m]: Directory contents after Multer save
2025-05-07 16:04:33 [[32minfo[39m]: Directory contents after Multer save
2025-05-07 16:07:18 [[32minfo[39m]: Received form-data fields
2025-05-07 16:07:18 [[32minfo[39m]: Document filter passed
2025-05-07 16:07:18 [[32minfo[39m]: Multer saving file to destination
2025-05-07 16:07:18 [[32minfo[39m]: Multer generating filename
2025-05-07 16:07:18 [[32minfo[39m]: Document filter passed
2025-05-07 16:07:18 [[32minfo[39m]: Multer saving file to destination
2025-05-07 16:07:18 [[32minfo[39m]: Multer generating filename
2025-05-07 16:07:18 [[32minfo[39m]: Multer saved multiple files
2025-05-07 16:07:18 [[32minfo[39m]: Directory contents after Multer save
2025-05-07 16:07:18 [[32minfo[39m]: Directory contents after Multer save
2025-05-07 16:23:35 [[32minfo[39m]: Received form-data fields
2025-05-07 16:23:35 [[32minfo[39m]: Document filter passed
2025-05-07 16:23:35 [[32minfo[39m]: Multer saving file to destination
2025-05-07 16:23:35 [[32minfo[39m]: Multer generating filename
2025-05-07 16:23:36 [[32minfo[39m]: Document filter passed
2025-05-07 16:23:36 [[32minfo[39m]: Multer saving file to destination
2025-05-07 16:23:36 [[32minfo[39m]: Multer generating filename
2025-05-07 16:23:36 [[32minfo[39m]: Multer saved multiple files
2025-05-07 16:23:36 [[32minfo[39m]: Directory contents after Multer save
2025-05-07 16:23:36 [[32minfo[39m]: Directory contents after Multer save
2025-05-07 16:39:31 [[32minfo[39m]: Server running on http://localhost:5000
2025-05-07 16:39:31 [[32minfo[39m]: MongoDB Connected: ac-10bkwgx-shard-00-00.ol7blqt.mongodb.net
2025-05-07 16:39:36 [[32minfo[39m]: Server running on http://localhost:5000
2025-05-07 16:39:37 [[32minfo[39m]: MongoDB Connected: ac-10bkwgx-shard-00-02.ol7blqt.mongodb.net
2025-05-07 16:39:43 [[32minfo[39m]: Server running on http://localhost:5000
2025-05-07 16:39:46 [[32minfo[39m]: Server running on http://localhost:5000
2025-05-07 16:39:47 [[32minfo[39m]: MongoDB Connected: ac-10bkwgx-shard-00-02.ol7blqt.mongodb.net
2025-05-07 16:40:02 [[32minfo[39m]: Received form-data fields
2025-05-07 16:40:02 [[32minfo[39m]: Document filter passed
2025-05-07 16:40:02 [[32minfo[39m]: Multer saving file to destination
2025-05-07 16:40:02 [[32minfo[39m]: Multer generating filename
2025-05-07 16:40:03 [[32minfo[39m]: Document filter passed
2025-05-07 16:40:03 [[32minfo[39m]: Multer saving file to destination
2025-05-07 16:40:03 [[32minfo[39m]: Multer generating filename
2025-05-07 16:40:03 [[32minfo[39m]: Multer saved multiple files
2025-05-07 16:40:03 [[32minfo[39m]: Directory contents after Multer save
2025-05-07 16:40:03 [[32minfo[39m]: Directory contents after Multer save
2025-05-07 16:41:01 [[32minfo[39m]: Received form-data fields
2025-05-07 16:41:01 [[32minfo[39m]: Document filter passed
2025-05-07 16:41:01 [[32minfo[39m]: Multer saving file to destination
2025-05-07 16:41:01 [[32minfo[39m]: Multer generating filename
2025-05-07 16:41:01 [[32minfo[39m]: Document filter passed
2025-05-07 16:41:01 [[32minfo[39m]: Multer saving file to destination
2025-05-07 16:41:01 [[32minfo[39m]: Multer generating filename
2025-05-07 16:41:01 [[32minfo[39m]: Multer saved multiple files
2025-05-07 16:41:01 [[32minfo[39m]: Directory contents after Multer save
2025-05-07 16:41:01 [[32minfo[39m]: Directory contents after Multer save
2025-05-07 16:42:03 [[32minfo[39m]: Received form-data fields
2025-05-07 16:42:03 [[32minfo[39m]: Document filter passed
2025-05-07 16:42:03 [[32minfo[39m]: Multer saving file to destination
2025-05-07 16:42:03 [[32minfo[39m]: Multer generating filename
2025-05-07 16:42:03 [[32minfo[39m]: Multer saved file
2025-05-07 16:42:03 [[32minfo[39m]: Directory contents after Multer save
2025-05-07 16:42:37 [[32minfo[39m]: Received form-data fields
2025-05-07 16:42:37 [[32minfo[39m]: Document filter passed
2025-05-07 16:42:37 [[32minfo[39m]: Multer saving file to destination
2025-05-07 16:42:37 [[32minfo[39m]: Multer generating filename
2025-05-07 16:42:37 [[32minfo[39m]: Multer saved multiple files
2025-05-07 16:42:37 [[32minfo[39m]: Directory contents after Multer save
2025-05-07 16:43:00 [[31merror[39m]: Error downloading document: currentFolder.documents is not iterable
2025-05-07 16:43:00 [[31merror[39m]: Error downloading document:
2025-05-07 16:53:49 [[32minfo[39m]: Server running on http://localhost:5000
2025-05-07 16:53:50 [[32minfo[39m]: MongoDB Connected: ac-10bkwgx-shard-00-02.ol7blqt.mongodb.net
2025-05-07 16:53:52 [[32minfo[39m]: Server running on http://localhost:5000
2025-05-07 16:53:52 [[32minfo[39m]: MongoDB Connected: ac-10bkwgx-shard-00-00.ol7blqt.mongodb.net
2025-05-07 16:53:56 [[32minfo[39m]: Server running on http://localhost:5000
2025-05-07 16:53:56 [[32minfo[39m]: MongoDB Connected: ac-10bkwgx-shard-00-02.ol7blqt.mongodb.net
2025-05-07 16:54:02 [[32minfo[39m]: Server running on http://localhost:5000
2025-05-07 16:54:02 [[32minfo[39m]: MongoDB Connected: ac-10bkwgx-shard-00-02.ol7blqt.mongodb.net
2025-05-07 16:54:04 [[32minfo[39m]: Server running on http://localhost:5000
2025-05-07 16:54:05 [[32minfo[39m]: MongoDB Connected: ac-10bkwgx-shard-00-02.ol7blqt.mongodb.net
2025-05-07 16:54:11 [[32minfo[39m]: Server running on http://localhost:5000
2025-05-07 16:54:11 [[32minfo[39m]: MongoDB Connected: ac-10bkwgx-shard-00-02.ol7blqt.mongodb.net
2025-05-07 16:54:13 [[32minfo[39m]: Server running on http://localhost:5000
2025-05-07 16:54:14 [[32minfo[39m]: MongoDB Connected: ac-10bkwgx-shard-00-02.ol7blqt.mongodb.net
2025-05-07 16:54:25 [[32minfo[39m]: Server running on http://localhost:5000
2025-05-07 16:54:25 [[32minfo[39m]: MongoDB Connected: ac-10bkwgx-shard-00-01.ol7blqt.mongodb.net
2025-05-07 16:54:28 [[32minfo[39m]: Server running on http://localhost:5000
2025-05-07 16:54:29 [[32minfo[39m]: MongoDB Connected: ac-10bkwgx-shard-00-02.ol7blqt.mongodb.net
2025-05-07 16:54:30 [[32minfo[39m]: Server running on http://localhost:5000
2025-05-07 16:54:31 [[32minfo[39m]: MongoDB Connected: ac-10bkwgx-shard-00-01.ol7blqt.mongodb.net
2025-05-07 16:54:36 [[32minfo[39m]: Server running on http://localhost:5000
2025-05-07 16:54:37 [[32minfo[39m]: MongoDB Connected: ac-10bkwgx-shard-00-01.ol7blqt.mongodb.net
2025-05-07 16:54:39 [[32minfo[39m]: Server running on http://localhost:5000
2025-05-07 16:54:42 [[32minfo[39m]: Server running on http://localhost:5000
2025-05-07 16:54:43 [[32minfo[39m]: MongoDB Connected: ac-10bkwgx-shard-00-01.ol7blqt.mongodb.net
2025-05-07 16:54:57 [[32minfo[39m]: Server running on http://localhost:5000
2025-05-07 16:54:57 [[32minfo[39m]: MongoDB Connected: ac-10bkwgx-shard-00-02.ol7blqt.mongodb.net
2025-05-07 16:55:55 [[32minfo[39m]: Server running on http://localhost:5000
2025-05-07 16:55:55 [[32minfo[39m]: MongoDB Connected: ac-10bkwgx-shard-00-01.ol7blqt.mongodb.net
2025-05-07 16:56:19 [[32minfo[39m]: Server running on http://localhost:5000
2025-05-07 16:56:19 [[32minfo[39m]: MongoDB Connected: ac-10bkwgx-shard-00-01.ol7blqt.mongodb.net
2025-05-07 16:57:51 [[32minfo[39m]: Server running on http://localhost:5000
2025-05-07 16:57:52 [[32minfo[39m]: MongoDB Connected: ac-10bkwgx-shard-00-00.ol7blqt.mongodb.net
2025-05-07 16:59:43 [[32minfo[39m]: Server running on http://localhost:5000
2025-05-07 16:59:44 [[32minfo[39m]: MongoDB Connected: ac-10bkwgx-shard-00-02.ol7blqt.mongodb.net
2025-05-07 17:03:30 [[32minfo[39m]: Server running on http://localhost:5000
2025-05-07 17:03:30 [[32minfo[39m]: MongoDB Connected: ac-10bkwgx-shard-00-02.ol7blqt.mongodb.net
2025-05-07 17:04:34 [[32minfo[39m]: Server running on http://localhost:5000
2025-05-07 17:04:34 [[32minfo[39m]: MongoDB Connected: ac-10bkwgx-shard-00-01.ol7blqt.mongodb.net
2025-05-07 17:04:42 [[32minfo[39m]: Server running on http://localhost:5000
2025-05-07 17:04:43 [[32minfo[39m]: MongoDB Connected: ac-10bkwgx-shard-00-01.ol7blqt.mongodb.net
2025-05-07 17:04:45 [[32minfo[39m]: Server running on http://localhost:5000
2025-05-07 17:04:46 [[32minfo[39m]: MongoDB Connected: ac-10bkwgx-shard-00-00.ol7blqt.mongodb.net
2025-05-07 17:04:47 [[32minfo[39m]: Server running on http://localhost:5000
2025-05-07 17:04:47 [[32minfo[39m]: MongoDB Connected: ac-10bkwgx-shard-00-01.ol7blqt.mongodb.net
2025-05-07 17:04:54 [[32minfo[39m]: Server running on http://localhost:5000
2025-05-07 17:04:54 [[32minfo[39m]: MongoDB Connected: ac-10bkwgx-shard-00-01.ol7blqt.mongodb.net
2025-05-07 17:04:58 [[32minfo[39m]: Server running on http://localhost:5000
2025-05-07 17:04:58 [[32minfo[39m]: MongoDB Connected: ac-10bkwgx-shard-00-01.ol7blqt.mongodb.net
2025-05-07 17:05:10 [[32minfo[39m]: Server running on http://localhost:5000
2025-05-07 17:05:11 [[32minfo[39m]: MongoDB Connected: ac-10bkwgx-shard-00-02.ol7blqt.mongodb.net
2025-05-07 17:06:38 [[32minfo[39m]: Server running on http://localhost:5000
2025-05-07 17:06:38 [[32minfo[39m]: MongoDB Connected: ac-10bkwgx-shard-00-01.ol7blqt.mongodb.net
2025-05-07 17:06:44 [[32minfo[39m]: Server running on http://localhost:5000
2025-05-07 17:06:45 [[32minfo[39m]: MongoDB Connected: ac-10bkwgx-shard-00-02.ol7blqt.mongodb.net
2025-05-07 17:07:27 [[32minfo[39m]: Received form-data fields
2025-05-07 17:07:27 [[31merror[39m]: Upload error: Multer error: Unexpected field (field: filePath)
2025-05-07 17:08:28 [[32minfo[39m]: Server running on http://localhost:5000
2025-05-07 17:08:29 [[32minfo[39m]: MongoDB Connected: ac-10bkwgx-shard-00-01.ol7blqt.mongodb.net
2025-05-07 17:08:58 [[32minfo[39m]: Received form-data fields
2025-05-07 17:09:08 [[32minfo[39m]: Server running on http://localhost:5000
2025-05-07 17:09:08 [[32minfo[39m]: MongoDB Connected: ac-10bkwgx-shard-00-01.ol7blqt.mongodb.net
2025-05-07 17:09:14 [[32minfo[39m]: Received form-data fields
2025-05-07 17:09:44 [[32minfo[39m]: Server running on http://localhost:5000
2025-05-07 17:09:44 [[32minfo[39m]: MongoDB Connected: ac-10bkwgx-shard-00-00.ol7blqt.mongodb.net
2025-05-07 17:09:47 [[32minfo[39m]: Received form-data fields
2025-05-07 17:12:13 [[32minfo[39m]: Server running on http://localhost:5000
2025-05-07 17:12:14 [[32minfo[39m]: Server running on http://localhost:5000
2025-05-07 17:12:14 [[32minfo[39m]: MongoDB Connected: ac-10bkwgx-shard-00-00.ol7blqt.mongodb.net
2025-05-07 17:12:17 [[32minfo[39m]: Server running on http://localhost:5000
2025-05-07 17:12:18 [[32minfo[39m]: MongoDB Connected: ac-10bkwgx-shard-00-02.ol7blqt.mongodb.net
2025-05-07 17:12:20 [[32minfo[39m]: Server running on http://localhost:5000
2025-05-07 17:12:21 [[32minfo[39m]: MongoDB Connected: ac-10bkwgx-shard-00-02.ol7blqt.mongodb.net
2025-05-07 17:12:23 [[32minfo[39m]: Received form-data fields
2025-05-07 17:12:23 [[32minfo[39m]: Multer saving file to destination
2025-05-07 17:12:23 [[32minfo[39m]: Multer generating filename
2025-05-07 17:12:23 [[32minfo[39m]: Multer saved file
2025-05-07 17:12:23 [[32minfo[39m]: Directory contents after Multer save
2025-05-07 17:12:23 [[31merror[39m]: Error uploading image: The "path" argument must be of type string or an instance of Buffer or URL. Received undefined
2025-05-07 17:12:23 [[31merror[39m]: Error uploading image:
2025-05-07 17:23:52 [[32minfo[39m]: Server running on http://localhost:5000
2025-05-07 17:23:52 [[32minfo[39m]: MongoDB Connected: ac-10bkwgx-shard-00-01.ol7blqt.mongodb.net
2025-05-07 17:25:01 [[32minfo[39m]: Server running on http://localhost:5000
2025-05-07 17:25:01 [[32minfo[39m]: MongoDB Connected: ac-10bkwgx-shard-00-00.ol7blqt.mongodb.net
2025-05-07 17:25:36 [[32minfo[39m]: Server running on http://localhost:5000
2025-05-07 17:25:37 [[32minfo[39m]: MongoDB Connected: ac-10bkwgx-shard-00-02.ol7blqt.mongodb.net
2025-05-07 17:25:53 [[32minfo[39m]: Received form-data fields
2025-05-07 17:25:53 [[32minfo[39m]: Multer saving file to destination
2025-05-07 17:25:53 [[32minfo[39m]: Multer generating filename
2025-05-07 17:25:53 [[32minfo[39m]: Multer saved file
2025-05-07 17:25:53 [[32minfo[39m]: Directory contents after Multer save
2025-05-07 17:26:42 [[32minfo[39m]: Server running on http://localhost:5000
2025-05-07 17:54:06 [[32minfo[39m]: Server running on http://localhost:5000
2025-05-07 17:54:06 [[32minfo[39m]: MongoDB Connected: ac-10bkwgx-shard-00-01.ol7blqt.mongodb.net
2025-05-07 17:54:10 [[32minfo[39m]: Server running on http://localhost:5000
2025-05-07 17:54:11 [[32minfo[39m]: Server running on http://localhost:5000
2025-05-07 17:54:12 [[32minfo[39m]: MongoDB Connected: ac-10bkwgx-shard-00-02.ol7blqt.mongodb.net
2025-05-07 17:54:18 [[32minfo[39m]: Server running on http://localhost:5000
2025-05-07 17:54:19 [[32minfo[39m]: MongoDB Connected: ac-10bkwgx-shard-00-02.ol7blqt.mongodb.net
2025-05-07 17:55:06 [[32minfo[39m]: Server running on http://localhost:5000
2025-05-07 17:55:06 [[32minfo[39m]: MongoDB Connected: ac-10bkwgx-shard-00-00.ol7blqt.mongodb.net
2025-05-07 17:55:10 [[32minfo[39m]: Server running on http://localhost:5000
2025-05-07 17:55:10 [[32minfo[39m]: MongoDB Connected: ac-10bkwgx-shard-00-00.ol7blqt.mongodb.net
2025-05-07 17:55:24 [[32minfo[39m]: Server running on http://localhost:5000
2025-05-07 17:55:24 [[32minfo[39m]: MongoDB Connected: ac-10bkwgx-shard-00-01.ol7blqt.mongodb.net
2025-05-07 17:55:30 [[32minfo[39m]: Server running on http://localhost:5000
2025-05-07 17:55:30 [[32minfo[39m]: MongoDB Connected: ac-10bkwgx-shard-00-02.ol7blqt.mongodb.net
2025-05-07 17:55:41 [[32minfo[39m]: Server running on http://localhost:5000
2025-05-07 17:55:41 [[32minfo[39m]: MongoDB Connected: ac-10bkwgx-shard-00-01.ol7blqt.mongodb.net
2025-05-07 17:56:03 [[32minfo[39m]: Server running on http://localhost:5000
2025-05-07 17:56:03 [[32minfo[39m]: MongoDB Connected: ac-10bkwgx-shard-00-00.ol7blqt.mongodb.net
2025-05-07 17:56:06 [[32minfo[39m]: Server running on http://localhost:5000
2025-05-07 17:56:07 [[32minfo[39m]: MongoDB Connected: ac-10bkwgx-shard-00-01.ol7blqt.mongodb.net
2025-05-07 17:56:08 [[32minfo[39m]: Server running on http://localhost:5000
2025-05-07 17:56:08 [[32minfo[39m]: MongoDB Connected: ac-10bkwgx-shard-00-01.ol7blqt.mongodb.net
2025-05-07 17:56:15 [[32minfo[39m]: Server running on http://localhost:5000
2025-05-07 17:56:15 [[32minfo[39m]: MongoDB Connected: ac-10bkwgx-shard-00-02.ol7blqt.mongodb.net
2025-05-07 17:56:18 [[32minfo[39m]: Server running on http://localhost:5000
2025-05-07 17:56:19 [[32minfo[39m]: Server running on http://localhost:5000
2025-05-07 17:56:19 [[32minfo[39m]: MongoDB Connected: ac-10bkwgx-shard-00-00.ol7blqt.mongodb.net
2025-05-07 17:56:23 [[32minfo[39m]: Server running on http://localhost:5000
2025-05-07 17:56:23 [[32minfo[39m]: MongoDB Connected: ac-10bkwgx-shard-00-02.ol7blqt.mongodb.net
2025-05-07 17:56:25 [[32minfo[39m]: Server running on http://localhost:5000
2025-05-07 17:56:25 [[32minfo[39m]: MongoDB Connected: ac-10bkwgx-shard-00-00.ol7blqt.mongodb.net
2025-05-07 17:56:52 [[32minfo[39m]: Server running on http://localhost:5000
2025-05-07 17:56:53 [[32minfo[39m]: MongoDB Connected: ac-10bkwgx-shard-00-02.ol7blqt.mongodb.net
2025-05-07 17:57:00 [[32minfo[39m]: Server running on http://localhost:5000
2025-05-07 17:57:00 [[32minfo[39m]: MongoDB Connected: ac-10bkwgx-shard-00-01.ol7blqt.mongodb.net
2025-05-07 17:57:04 [[32minfo[39m]: Server running on http://localhost:5000
2025-05-07 17:57:04 [[32minfo[39m]: MongoDB Connected: ac-10bkwgx-shard-00-01.ol7blqt.mongodb.net
2025-05-07 17:57:08 [[32minfo[39m]: Server running on http://localhost:5000
2025-05-07 17:57:09 [[32minfo[39m]: MongoDB Connected: ac-10bkwgx-shard-00-01.ol7blqt.mongodb.net
2025-05-07 17:57:20 [[32minfo[39m]: Server running on http://localhost:5000
2025-05-07 17:57:20 [[32minfo[39m]: MongoDB Connected: ac-10bkwgx-shard-00-01.ol7blqt.mongodb.net
2025-05-07 17:57:22 [[32minfo[39m]: Server running on http://localhost:5000
2025-05-07 17:57:22 [[32minfo[39m]: MongoDB Connected: ac-10bkwgx-shard-00-00.ol7blqt.mongodb.net
2025-05-07 17:57:24 [[32minfo[39m]: Server running on http://localhost:5000
2025-05-07 17:57:24 [[32minfo[39m]: MongoDB Connected: ac-10bkwgx-shard-00-00.ol7blqt.mongodb.net
2025-05-07 17:57:38 [[32minfo[39m]: Server running on http://localhost:5000
2025-05-07 17:57:38 [[32minfo[39m]: MongoDB Connected: ac-10bkwgx-shard-00-00.ol7blqt.mongodb.net
2025-05-07 17:57:40 [[32minfo[39m]: Server running on http://localhost:5000
2025-05-07 17:57:40 [[32minfo[39m]: MongoDB Connected: ac-10bkwgx-shard-00-01.ol7blqt.mongodb.net
2025-05-07 17:57:49 [[32minfo[39m]: Server running on http://localhost:5000
2025-05-07 17:57:49 [[32minfo[39m]: MongoDB Connected: ac-10bkwgx-shard-00-01.ol7blqt.mongodb.net
2025-05-07 17:57:53 [[32minfo[39m]: Server running on http://localhost:5000
2025-05-07 17:57:53 [[32minfo[39m]: MongoDB Connected: ac-10bkwgx-shard-00-01.ol7blqt.mongodb.net
2025-05-07 17:58:02 [[32minfo[39m]: Server running on http://localhost:5000
2025-05-07 17:58:02 [[32minfo[39m]: MongoDB Connected: ac-10bkwgx-shard-00-00.ol7blqt.mongodb.net
2025-05-07 17:58:06 [[32minfo[39m]: Server running on http://localhost:5000
2025-05-07 17:58:06 [[32minfo[39m]: MongoDB Connected: ac-10bkwgx-shard-00-02.ol7blqt.mongodb.net
2025-05-07 17:58:12 [[32minfo[39m]: Server running on http://localhost:5000
2025-05-07 17:58:13 [[32minfo[39m]: MongoDB Connected: ac-10bkwgx-shard-00-02.ol7blqt.mongodb.net
2025-05-07 17:58:14 [[32minfo[39m]: Server running on http://localhost:5000
2025-05-07 17:58:14 [[32minfo[39m]: MongoDB Connected: ac-10bkwgx-shard-00-01.ol7blqt.mongodb.net
2025-05-07 17:58:18 [[32minfo[39m]: Server running on http://localhost:5000
2025-05-07 17:58:18 [[32minfo[39m]: MongoDB Connected: ac-10bkwgx-shard-00-02.ol7blqt.mongodb.net
2025-05-07 17:58:24 [[32minfo[39m]: Server running on http://localhost:5000
2025-05-07 17:58:24 [[32minfo[39m]: MongoDB Connected: ac-10bkwgx-shard-00-01.ol7blqt.mongodb.net
2025-05-07 17:58:27 [[32minfo[39m]: Server running on http://localhost:5000
2025-05-07 17:58:27 [[32minfo[39m]: MongoDB Connected: ac-10bkwgx-shard-00-00.ol7blqt.mongodb.net
2025-05-07 17:58:32 [[32minfo[39m]: Server running on http://localhost:5000
2025-05-07 17:58:33 [[32minfo[39m]: MongoDB Connected: ac-10bkwgx-shard-00-00.ol7blqt.mongodb.net
2025-05-07 17:58:39 [[32minfo[39m]: Server running on http://localhost:5000
2025-05-07 17:58:39 [[32minfo[39m]: MongoDB Connected: ac-10bkwgx-shard-00-02.ol7blqt.mongodb.net
2025-05-07 17:58:41 [[32minfo[39m]: Server running on http://localhost:5000
2025-05-07 17:58:41 [[32minfo[39m]: MongoDB Connected: ac-10bkwgx-shard-00-00.ol7blqt.mongodb.net
2025-05-07 18:01:31 [[32minfo[39m]: Received form-data fields
2025-05-07 18:01:31 [[32minfo[39m]: Multer saving file to destination
2025-05-07 18:01:31 [[32minfo[39m]: Multer generating filename
2025-05-07 18:01:31 [[32minfo[39m]: Multer saved file
2025-05-07 18:01:31 [[32minfo[39m]: Directory contents after Multer save
2025-05-07 18:02:26 [[32minfo[39m]: Server running on http://localhost:5000
2025-05-07 18:02:26 [[32minfo[39m]: MongoDB Connected: ac-10bkwgx-shard-00-00.ol7blqt.mongodb.net
2025-05-07 18:02:33 [[32minfo[39m]: Server running on http://localhost:5000
2025-05-07 18:02:34 [[32minfo[39m]: MongoDB Connected: ac-10bkwgx-shard-00-00.ol7blqt.mongodb.net
2025-05-07 18:02:37 [[32minfo[39m]: Server running on http://localhost:5000
2025-05-07 18:02:38 [[32minfo[39m]: MongoDB Connected: ac-10bkwgx-shard-00-02.ol7blqt.mongodb.net
2025-05-07 18:02:39 [[32minfo[39m]: Server running on http://localhost:5000
2025-05-07 18:02:40 [[32minfo[39m]: MongoDB Connected: ac-10bkwgx-shard-00-01.ol7blqt.mongodb.net
2025-05-07 18:02:46 [[32minfo[39m]: Server running on http://localhost:5000
2025-05-07 18:02:47 [[32minfo[39m]: MongoDB Connected: ac-10bkwgx-shard-00-01.ol7blqt.mongodb.net
2025-05-07 18:02:51 [[32minfo[39m]: Server running on http://localhost:5000
2025-05-07 18:02:51 [[32minfo[39m]: MongoDB Connected: ac-10bkwgx-shard-00-01.ol7blqt.mongodb.net
2025-05-07 18:02:58 [[32minfo[39m]: Received form-data fields
2025-05-07 18:02:58 [[32minfo[39m]: Multer saving file to destination
2025-05-07 18:02:58 [[32minfo[39m]: Multer generating filename
2025-05-07 18:02:58 [[32minfo[39m]: Multer saved file
2025-05-07 18:02:58 [[32minfo[39m]: Directory contents after Multer save
2025-05-07 18:02:58 [[32minfo[39m]: Image uploaded successfully
2025-05-07 18:03:52 [[32minfo[39m]: Received form-data fields
2025-05-07 18:03:52 [[31merror[39m]: Upload error: Multer error: Unexpected field (field: image)
2025-05-07 18:04:25 [[32minfo[39m]: Server running on http://localhost:5000
2025-05-07 18:04:25 [[32minfo[39m]: MongoDB Connected: ac-10bkwgx-shard-00-00.ol7blqt.mongodb.net
2025-05-07 18:05:08 [[32minfo[39m]: Server running on http://localhost:5000
